08:05:28 INFO  : Processing command line option -hwspec /home/zynquser/Angle_Encoder_Hardware_2/Angle_Encoder_Hardware_2.sdk/Angle_Block_Design_2_wrapper.hdf.
08:05:34 INFO  : Launching XSDB server: xsdb -s /opt/Xilinx/SDK/2014.4/scripts/xsdb/xsdb/xsdb-server.tcl 2450
08:08:40 INFO  : FPGA configured successfully with bitstream "/home/zynquser/Angle_Encoder_Hardware_2/Angle_Encoder_Hardware_2.sdk/Angle_Block_Design_2_wrapper_hw_platform_0/Angle_Block_Design_2_wrapper.bit"
08:09:06 INFO  : ps7_init is completed.
08:09:07 INFO  : ps7_post_config is completed.
08:09:07 INFO  : Processor reset is completed for ps7_cortexa9_0
08:10:15 INFO  : Processing command line option -hwspec /home/zynquser/Angle_Encoder_Hardware_2/Angle_Encoder_Hardware_2.sdk/Angle_Block_Design_2_wrapper.hdf.
08:10:16 INFO  : Checking for hwspec changes in the project Angle_Block_Design_2_wrapper_hw_platform_0.
08:11:36 INFO  : Processing command line option -hwspec /home/zynquser/Angle_Encoder_Hardware_2/Angle_Encoder_Hardware_2.sdk/Angle_Block_Design_2_wrapper.hdf.
08:11:36 INFO  : Checking for hwspec changes in the project Angle_Block_Design_2_wrapper_hw_platform_0.
08:12:36 INFO  : Processing command line option -hwspec /home/zynquser/Angle_Encoder_Hardware_2/Angle_Encoder_Hardware_2.sdk/Angle_Block_Design_2_wrapper.hdf.
08:12:37 INFO  : Checking for hwspec changes in the project Angle_Block_Design_2_wrapper_hw_platform_0.
08:12:37 ERROR :  [Hsi 55-1593] Current Hardware Design is not set.
08:13:25 WARN  : Unable to obtain port 2450 for use by XSDB Server, java.net.BindException: Address already in use
08:13:25 INFO  : Launching XSDB server: xsdb -s /opt/Xilinx/SDK/2014.4/scripts/xsdb/xsdb/xsdb-server.tcl 2457
08:13:32 INFO  : FPGA configured successfully with bitstream "/home/zynquser/Angle_Encoder_Hardware_2/Angle_Encoder_Hardware_2.sdk/Angle_Block_Design_2_wrapper_hw_platform_0/Angle_Block_Design_2_wrapper.bit"
08:14:20 ERROR : Unexpected error while parsing XMD response ￿: com.google.gson.JsonSyntaxException: com.google.gson.stream.MalformedJsonException: invalid number or unquoted string near 
08:14:25 INFO  : Processing command line option -hwspec /home/zynquser/Angle_Encoder_Hardware_2/Angle_Encoder_Hardware_2.sdk/Angle_Block_Design_2_wrapper.hdf.
08:14:26 INFO  : Checking for hwspec changes in the project Angle_Block_Design_2_wrapper_hw_platform_0.
08:15:07 WARN  : Unable to obtain port 2450 for use by XSDB Server, java.net.BindException: Address already in use
08:15:07 INFO  : Launching XSDB server: xsdb -s /opt/Xilinx/SDK/2014.4/scripts/xsdb/xsdb/xsdb-server.tcl 2457
08:15:13 INFO  : FPGA configured successfully with bitstream "/home/zynquser/Angle_Encoder_Hardware_2/Angle_Encoder_Hardware_2.sdk/Angle_Block_Design_2_wrapper_hw_platform_0/Angle_Block_Design_2_wrapper.bit"
08:15:26 INFO  : ps7_init is completed.
08:15:26 INFO  : ps7_post_config is completed.
08:15:27 INFO  : Processor reset is completed for ps7_cortexa9_0
08:16:16 INFO  : Processor reset is completed for ps7_cortexa9_0
08:17:08 INFO  : Processor reset is completed for ps7_cortexa9_0
08:18:43 INFO  : Processor reset is completed for ps7_cortexa9_0
08:19:37 INFO  : Processor reset is completed for ps7_cortexa9_0
08:20:18 INFO  : Processor reset is completed for ps7_cortexa9_0
11:19:55 INFO  : Processing command line option -hwspec /home/zynquser/Vivado/Encoder_Hardware/Encoder_Hardware.sdk/Angle_Block_Design_2_wrapper.hdf.
11:19:57 ERROR :  [Hsi 55-1593] Current Hardware Design is not set.
11:22:52 WARN  :  [Hsi 55-1559] Software Design already exists with Name /home/zynquser/Angle_Encoder_Hardware_2/Angle_Encoder_Hardware_2.sdk/SInglePin_Encoder_SDK_bsp/system.mss
11:22:52 WARN  :  [Hsi 55-1559] Software Design already exists with Name /home/zynquser/Angle_Encoder_Hardware_2/Angle_Encoder_Hardware_2.sdk/SInglePin_Encoder_SDK_bsp/system.mss
11:22:52 WARN  :  [Hsi 55-1559] Software Design already exists with Name /home/zynquser/Angle_Encoder_Hardware_2/Angle_Encoder_Hardware_2.sdk/SInglePin_Encoder_SDK_bsp/system.mss
 [Hsi 55-1559] Software Design already exists with Name /home/zynquser/Angle_Encoder_Hardware_2/Angle_Encoder_Hardware_2.sdk/SInglePin_Encoder_SDK_bsp/system.mss
11:23:39 WARN  :  [Hsi 55-1559] Software Design already exists with Name /home/zynquser/Angle_Encoder_Hardware_2/Angle_Encoder_Hardware_2.sdk/SInglePin_Encoder_SDK_bsp/system.mss
11:23:39 WARN  :  [Hsi 55-1559] Software Design already exists with Name /home/zynquser/Angle_Encoder_Hardware_2/Angle_Encoder_Hardware_2.sdk/SInglePin_Encoder_SDK_bsp/system.mss
11:23:39 WARN  :  [Hsi 55-1559] Software Design already exists with Name /home/zynquser/Angle_Encoder_Hardware_2/Angle_Encoder_Hardware_2.sdk/SInglePin_Encoder_SDK_bsp/system.mss
11:23:39 WARN  :  [Hsi 55-1559] Software Design already exists with Name /home/zynquser/Angle_Encoder_Hardware_2/Angle_Encoder_Hardware_2.sdk/SInglePin_Encoder_SDK_bsp/system.mss
 [Hsi 55-1559] Software Design already exists with Name /home/zynquser/Angle_Encoder_Hardware_2/Angle_Encoder_Hardware_2.sdk/SInglePin_Encoder_SDK_bsp/system.mss
12:21:23 INFO  : SDK has detected change in the last modified timestamps for source hardware specification file Source:1461784883000,  Project:1436970795000
12:21:23 INFO  : Project Angle_Block_Design_2_wrapper_hw_platform_1's source hardware specification located at /home/zynquser/Vivado/Encoder_Hardware/Encoder_Hardware.sdk/Angle_Block_Design_2_wrapper.hdf is now different from the local copy.
		 The local copy will be replaced with the source specification and your workspace will be updated.
12:21:31 INFO  : Copied contents of /home/zynquser/Vivado/Encoder_Hardware/Encoder_Hardware.sdk/Angle_Block_Design_2_wrapper.hdf into /Angle_Block_Design_2_wrapper_hw_platform_1/system.hdf.
12:21:33 INFO  : Synchronizing projects in the workspace with the hardware platform specification changes.
12:21:33 INFO  : Clearing existing target manager status.
12:21:33 WARN  : Unable to obtain port 2450 for use by XSDB Server, java.net.BindException: Address already in use
12:21:33 INFO  : Launching XSDB server: xsdb -s /opt/Xilinx/SDK/2014.4/scripts/xsdb/xsdb/xsdb-server.tcl 2457
12:21:36 INFO  : Workspace synchronized with the new hardware specification file. Cleaning dependent projects...
12:21:42 ERROR : Unexpected error while parsing XMD response ￿: com.google.gson.JsonSyntaxException: com.google.gson.stream.MalformedJsonException: invalid number or unquoted string near 
12:30:18 INFO  : Processing command line option -hwspec /home/zynquser/Vivado/Encoder_Hardware/Encoder_Hardware.sdk/Angle_Block_Design_2_wrapper.hdf.
12:30:20 INFO  : Checking for hwspec changes in the project Angle_Block_Design_2_wrapper_hw_platform_1.
